2025-03-09T14:52:32.524Z - File upload attempted: 2024-2025-PRIMARY-ADMISSION-LIST.pdf
2025-03-09T14:52:50.541Z - File uploaded successfully: 2024-2025-PRIMARY-ADMISSION-LIST.pdf
2025-03-09T14:57:15.751Z - File upload attempted: 2024-2025-PRIMARY-ADMISSION-LIST.pdf
2025-03-09T14:57:33.439Z - File uploaded successfully: 2024-2025-PRIMARY-ADMISSION-LIST.pdf
2025-03-09T16:04:38.778Z - File upload attempted: 2024-2025-PRIMARY-ADMISSION-LIST.pdf
2025-03-09T16:04:56.438Z - Error reading PDF file: password authentication failed for user "Kaycee"
2025-03-09T16:07:08.501Z - File upload attempted: 2024-2025-PRIMARY-ADMISSION-LIST.pdf
2025-03-09T16:07:25.314Z - Error reading PDF file: password authentication failed for user "Kaycee"
2025-03-09T16:09:03.639Z - File upload attempted: 2024-2025-PRIMARY-ADMISSION-LIST.pdf
2025-03-09T16:09:21.691Z - Error reading PDF file: password authentication failed for user "Kaycee"
2025-03-11T15:41:51.068Z - File upload attempted: 2024-2025-PRIMARY-ADMISSION-LIST.pdf
2025-03-11T15:41:51.518Z - Reading PDF file: 2024-2025-PRIMARY-ADMISSION-LIST.pdf
2025-03-11T15:42:09.138Z - Error reading PDF file: password authentication failed for user "Kaycee"
2025-03-11T15:51:36.421Z - File upload attempted: 2024-2025-PRIMARY-ADMISSION-LIST.pdf
2025-03-11T15:51:36.429Z - Reading PDF file: 2024-2025-PRIMARY-ADMISSION-LIST.pdf
2025-03-11T15:51:53.571Z - Error reading PDF file: password authentication failed for user "Kaycee"
2025-03-11T15:52:26.400Z - File upload attempted: 2024-2025-PRIMARY-ADMISSION-LIST.pdf
2025-03-11T15:52:27.958Z - Reading PDF file: 2024-2025-PRIMARY-ADMISSION-LIST.pdf
2025-03-11T15:52:50.675Z - Error reading PDF file: relation "registrations" does not exist
2025-03-11T16:06:16.724Z - File upload attempted: 2024-2025-PRIMARY-ADMISSION-LIST.pdf
2025-03-11T16:06:16.794Z - Reading PDF file: 2024-2025-PRIMARY-ADMISSION-LIST.pdf
2025-03-11T16:06:33.515Z - Error reading PDF file: relation "registrations" does not exist
2025-03-11T16:36:34.377Z - File upload attempted: 2024-2025-PRIMARY-ADMISSION-LIST.pdf
2025-03-11T16:36:34.390Z - Reading PDF file: 2024-2025-PRIMARY-ADMISSION-LIST.pdf
2025-03-11T16:36:55.848Z - Error reading PDF file: relation "kaycee" does not exist
2025-03-12T23:10:37.713Z - File upload attempted: 2024-2025-PRIMARY-ADMISSION-LIST.pdf
2025-03-12T23:10:37.725Z - Reading PDF file: 2024-2025-PRIMARY-ADMISSION-LIST.pdf
2025-03-12T23:10:56.899Z - Error reading PDF file: relation "kaycee" does not exist
2025-03-13T23:45:27.095Z - File upload attempted: 2024-2025-PRIMARY-ADMISSION-LIST.pdf
2025-03-13T23:45:27.107Z - Reading PDF file: 2024-2025-PRIMARY-ADMISSION-LIST.pdf
2025-03-13T23:46:43.178Z - File uploaded successfully: 2024-2025-PRIMARY-ADMISSION-LIST.pdf
2025-03-14T12:24:37.437Z - File upload attempted: 2024-2025-SUPPLEMENTARY-ADMISSION-LIST-II-FOR-UPLOAD-MSW-2.pdf
2025-03-14T12:24:38.576Z - Reading PDF file: 2024-2025-SUPPLEMENTARY-ADMISSION-LIST-II-FOR-UPLOAD-MSW-2.pdf
2025-03-14T12:29:23.948Z - File upload attempted: 2024-2025-SUPPLEMENTARY-ADMISSION-LIST-II-FOR-UPLOAD-MSW-2.pdf
2025-03-14T12:29:24.087Z - Reading PDF file: 2024-2025-SUPPLEMENTARY-ADMISSION-LIST-II-FOR-UPLOAD-MSW-2.pdf
2025-03-14T12:37:19.642Z - File uploaded successfully: 2024-2025-SUPPLEMENTARY-ADMISSION-LIST-II-FOR-UPLOAD-MSW-2.pdf
2025-03-14T12:41:56.548Z - File uploaded successfully: 2024-2025-SUPPLEMENTARY-ADMISSION-LIST-II-FOR-UPLOAD-MSW-2.pdf
